[debug] [2025-09-30T15:42:13.473Z] ----------------------------------------------------------------------
[debug] [2025-09-30T15:42:13.478Z] Command:       C:\Program Files\nodejs\node.exe C:\Users\Riyad\AppData\Roaming\npm\node_modules\firebase-tools\lib\bin\firebase.js init
[debug] [2025-09-30T15:42:13.479Z] CLI Version:   14.7.0
[debug] [2025-09-30T15:42:13.480Z] Platform:      win32
[debug] [2025-09-30T15:42:13.480Z] Node Version:  v22.12.0
[debug] [2025-09-30T15:42:13.480Z] Time:          Tue Sep 30 2025 21:42:13 GMT+0600 (Bangladesh Standard Time)
[debug] [2025-09-30T15:42:13.481Z] ----------------------------------------------------------------------
[debug] 
[debug] [2025-09-30T15:42:13.495Z] > command requires scopes: ["email","openid","https://www.googleapis.com/auth/cloudplatformprojects.readonly","https://www.googleapis.com/auth/firebase","https://www.googleapis.com/auth/cloud-platform"]
[debug] [2025-09-30T15:42:13.496Z] > authorizing via signed-in user (mohammadbaga824119@gmail.com)
[info] 
     ######## #### ########  ######## ########     ###     ######  ########
     ##        ##  ##     ## ##       ##     ##  ##   ##  ##       ##
     ######    ##  ########  ######   ########  #########  ######  ######
     ##        ##  ##    ##  ##       ##     ## ##     ##       ## ##
     ##       #### ##     ## ######## ########  ##     ##  ######  ########

You're about to initialize a Firebase project in this directory:

  C:\react\last-assignment\NeuraTalk-client\socil-algo-forum-server

Before we get started, keep in mind:

  * You are currently outside your home directory

[debug] [2025-09-30T15:51:34.363Z] ExitPromptError: User force closed the prompt with SIGINT
    at Interface.sigint (C:\Users\Riyad\AppData\Roaming\npm\node_modules\firebase-tools\node_modules\@inquirer\core\dist\commonjs\lib\create-prompt.js:101:37)
    at Interface.emit (node:events:524:28)
    at Interface.emit (node:domain:489:12)
    at [_ttyWrite] [as _ttyWrite] (node:internal/readline/interface:1124:18)
    at ReadStream.onkeypress (node:internal/readline/interface:263:20)
    at ReadStream.emit (node:events:536:35)
    at ReadStream.emit (node:domain:489:12)
    at emitKeys (node:internal/readline/utils:370:14)
    at emitKeys.next (<anonymous>)
    at ReadStream.onData (node:internal/readline/emitKeypressEvents:64:36)
[error] 
[error] Error: An unexpected error has occurred.
